<?xml version="1.0" encoding="UTF-8"?>
<testng-results ignored="0" total="0" passed="0" failed="0" skipped="0">
  <reporter-output>
  </reporter-output>
  <suite started-at="2023-10-09T01:09:14 GST" name="selenium.Test_plan" finished-at="2023-10-09T01:09:14 GST" duration-ms="10">
    <groups>
    </groups>
    <test started-at="2023-10-09T01:09:14 GST" name="Command line test" finished-at="2023-10-09T01:09:14 GST" duration-ms="10">
    </test> <!-- Command line test -->
  </suite> <!-- selenium.Test_plan -->
</testng-results>
